\BOOKMARK [0][-]{chapter.1}{\376\377\137\256\172\013\136\217\213\276\213\241}{}% 1
\BOOKMARK [1][-]{section.1.1}{\376\377\133\120\172\013\136\217\213\276\213\241}{chapter.1}% 2
\BOOKMARK [1][-]{section.1.2}{\376\377\143\007\116\344\176\304\142\020}{chapter.1}% 3
\BOOKMARK [1][-]{section.1.3}{\376\377\143\007\116\344\142\147\210\114\162\266\140\001\123\330\123\026}{chapter.1}% 4
\BOOKMARK [1][-]{section.1.4}{\376\377\137\256\143\007\116\344\213\276\213\241}{chapter.1}% 5
\BOOKMARK [2][-]{subsection.1.4.1}{\376\377\137\256\143\007\116\344\176\304\142\020}{section.1.4}% 6
\BOOKMARK [2][-]{subsection.1.4.2}{\376\377\143\007\116\344\122\006\174\173}{section.1.4}% 7
\BOOKMARK [2][-]{subsection.1.4.3}{\376\377\137\256\172\013\136\217\122\006\174\173\116\016\215\363\217\154}{section.1.4}% 8
\BOOKMARK [2][-]{subsection.1.4.4}{\376\377\137\256\143\007\116\344\217\154\171\373}{section.1.4}% 9
\BOOKMARK [2][-]{subsection.1.4.5}{\376\377\137\256\143\007\116\344\217\154\171\373\145\271\137\017}{section.1.4}% 10
\BOOKMARK [2][-]{subsection.1.4.6}{\376\377\137\256\143\007\116\344\217\154\171\373\145\271\137\017}{section.1.4}% 11
\BOOKMARK [2][-]{subsection.1.4.7}{\376\377\215\363\217\154\213\276\213\241}{section.1.4}% 12
\BOOKMARK [2][-]{subsection.1.4.8}{\376\377\137\256\143\007\116\344\176\304\124\010\220\073\217\221}{section.1.4}% 13
\BOOKMARK [2][-]{subsection.1.4.9}{\376\377\137\256\143\007\116\344\210\150}{section.1.4}% 14
\BOOKMARK [1][-]{section.1.5}{\376\377\137\256\143\007\116\344\213\276\213\241}{chapter.1}% 15
\BOOKMARK [2][-]{subsection.1.5.1}{\376\377\143\007\116\344\213\321\170\001}{section.1.5}% 16
\BOOKMARK [2][-]{subsection.1.5.2}{\376\377\000I\000F\217\154\121\372\213\276\213\241}{section.1.5}% 17
\BOOKMARK [2][-]{subsection.1.5.3}{\376\377\000r\000R\217\154\121\372\213\276\213\241}{section.1.5}% 18
\BOOKMARK [0][-]{chapter.2}{\376\377\127\372\147\054\220\073\217\221}{}% 19
\BOOKMARK [1][-]{section.2.1}{\376\377\177\026\170\001\126\150}{chapter.2}% 20
\BOOKMARK [2][-]{subsection.2.1.1}{\376\377\0008\000-\0003\177\026\170\001\126\150}{section.2.1}% 21
